c:\users\陈俊\source\repos\库存管理\库存管理\release\库存管理.pch
c:\users\陈俊\source\repos\库存管理\库存管理\release\vc141.pdb
c:\users\陈俊\source\repos\库存管理\库存管理\release\stdafx.obj
c:\users\陈俊\source\repos\库存管理\库存管理\release\库存管理.obj
c:\users\陈俊\source\repos\库存管理\release\库存管理.exe
c:\users\陈俊\source\repos\库存管理\release\库存管理.pdb
c:\users\陈俊\source\repos\库存管理\release\库存管理.ipdb
c:\users\陈俊\source\repos\库存管理\release\库存管理.iobj
c:\users\陈俊\desktop\homework\库存管理\release\stdafx.obj
c:\users\陈俊\desktop\homework\库存管理\release\库存管理.obj
c:\users\陈俊\desktop\homework\库存管理\release\库存管理.pch
c:\users\陈俊\desktop\homework\库存管理\release\vc141.pdb
c:\users\陈俊\desktop\homework\release\库存管理.pdb
c:\users\陈俊\desktop\homework\release\库存管理.exe
c:\users\陈俊\desktop\homework\库存管理\release\库存管理.tlog\cl.command.1.tlog
c:\users\陈俊\desktop\homework\库存管理\release\库存管理.tlog\cl.read.1.tlog
c:\users\陈俊\desktop\homework\库存管理\release\库存管理.tlog\cl.write.1.tlog
c:\users\陈俊\desktop\homework\库存管理\release\库存管理.tlog\link.command.1.tlog
c:\users\陈俊\desktop\homework\库存管理\release\库存管理.tlog\link.read.1.tlog
c:\users\陈俊\desktop\homework\库存管理\release\库存管理.tlog\link.write.1.tlog
c:\users\陈俊\desktop\homework\库存管理\release\库存管理.tlog\库存管理.write.1u.tlog
